<?xml version="1.0" encoding="UTF-8"?>
<testsuite xmlns:xsi="http://www.w3.org/2001/XMLSchema-instance" xsi:noNamespaceSchemaLocation="https://maven.apache.org/surefire/maven-surefire-plugin/xsd/surefire-test-report-3.0.xsd" version="3.0" name="com.mycompany.main.MainTest" time="0.123" tests="23" errors="0" skipped="0" failures="0">
  <properties>
[...]
</properties>
  <testcase name="loginUser_noUserRegistered_returnsFalse" classname="com.mycompany.main.MainTest" time="0.038"/>
  <testcase name="checkCellPhoneNumber_tooManyDigits_returnsFalse" classname="com.mycompany.main.MainTest" time="0.002"/>
  <testcase name="checkPasswordComplexity_missingLowercase_returnsFalse" classname="com.mycompany.main.MainTest" time="0.003"/>
  <testcase name="checkCellPhoneNumber_tooFewDigits_returnsFalse" classname="com.mycompany.main.MainTest" time="0.008"/>
  <testcase name="checkPasswordComplexity_validPassword_returnsTrue" classname="com.mycompany.main.MainTest" time="0.003"/>
  <testcase name="loginUser_wrongUsername_returnsFalse" classname="com.mycompany.main.MainTest" time="0.001"/>
  <testcase name="checkUserName_tooLong_returnsFalse" classname="com.mycompany.main.MainTest" time="0.001"/>
  <testcase name="returnLoginStatus_unsuccessful_returnsErrorMessage" classname="com.mycompany.main.MainTest" time="0.002"/>
  <testcase name="checkPasswordComplexity_missingDigit_returnsFalse" classname="com.mycompany.main.MainTest" time="0.001"/>
  <testcase name="checkCellPhoneNumber_missingPlus_returnsFalse" classname="com.mycompany.main.MainTest" time="0.0"/>
  <testcase name="checkUserName_emptyString_returnsFalse" classname="com.mycompany.main.MainTest" time="0.001"/>
  <testcase name="checkCellPhoneNumber_wrongCountryCode_returnsFalse" classname="com.mycompany.main.MainTest" time="0.001"/>
  <testcase name="checkPasswordComplexity_missingUppercase_returnsFalse" classname="com.mycompany.main.MainTest" time="0.001"/>
  <testcase name="checkUserName_tooShort_returnsFalse" classname="com.mycompany.main.MainTest" time="0.0"/>
  <testcase name="checkUserName_validUsernameWithUnderscore_returnsTrue" classname="com.mycompany.main.MainTest" time="0.001"/>
  <testcase name="checkCellPhoneNumber_containsLetters_returnsFalse" classname="com.mycompany.main.MainTest" time="0.001"/>
  <testcase name="loginUser_correctCredentials_returnsTrue" classname="com.mycompany.main.MainTest" time="0.001"/>
  <testcase name="loginUser_wrongPassword_returnsFalse" classname="com.mycompany.main.MainTest" time="0.001"/>
  <testcase name="checkUserName_noUnderscore_returnsFalse" classname="com.mycompany.main.MainTest" time="0.001"/>
  <testcase name="checkCellPhoneNumber_validNumber_returnsTrue" classname="com.mycompany.main.MainTest" time="0.001"/>
  <testcase name="checkPasswordComplexity_tooShort_returnsFalse" classname="com.mycompany.main.MainTest" time="0.001"/>
  <testcase name="returnLoginStatus_successful_returnsWelcomeMessage" classname="com.mycompany.main.MainTest" time="0.001"/>
  <testcase name="checkPasswordComplexity_missingSpecialCharacter_returnsFalse" classname="com.mycompany.main.MainTest" time="0.001"/>
</testsuite>